{"D:\\Programming\\React\\RsSchoolReact\\RSSchoolReactCourse\\src\\App.tsx": {"path":"D:\\Programming\\React\\RsSchoolReact\\RSSchoolReactCourse\\src\\App.tsx","statementMap":{"0":{"start":{"line":14,"column":12},"end":{"line":17,"column":5}},"1":{"start":{"line":22,"column":4},"end":{"line":27,"column":6}}},"fnMap":{"0":{"name":"(anonymous_0)","decl":{"start":{"line":21,"column":2},"end":{"line":21,"column":3}},"loc":{"start":{"line":21,"column":11},"end":{"line":28,"column":3}},"line":21}},"branchMap":{},"s":{"0":1,"1":1},"f":{"0":1},"b":{},"_coverageSchema":"1a1c01bbd47fc00a2c39e90264f33305004495a9","hash":"bf7f369ad1b8aaa6044e9d6eb82bfa9cfa605c23"}
,"D:\\Programming\\React\\RsSchoolReact\\RSSchoolReactCourse\\src\\main.tsx": {"path":"D:\\Programming\\React\\RsSchoolReact\\RSSchoolReactCourse\\src\\main.tsx","statementMap":{"0":{"start":{"line":8,"column":2},"end":{"line":10,"column":21}},"1":{"start":{"line":13,"column":27},"end":{"line":13,"column":58}},"2":{"start":{"line":15,"column":0},"end":{"line":15,"column":46}}},"fnMap":{},"branchMap":{},"s":{"0":1,"1":1,"2":1},"f":{},"b":{},"_coverageSchema":"1a1c01bbd47fc00a2c39e90264f33305004495a9","hash":"829fdb86e9577f18c3599b8067384a211b671170"}
,"D:\\Programming\\React\\RsSchoolReact\\RSSchoolReactCourse\\src\\components\\Card\\Card.tsx": {"path":"D:\\Programming\\React\\RsSchoolReact\\RSSchoolReactCourse\\src\\components\\Card\\Card.tsx","statementMap":{"0":{"start":{"line":28,"column":13},"end":{"line":28,"column":39}},"1":{"start":{"line":30,"column":4},"end":{"line":30,"column":28}},"2":{"start":{"line":31,"column":4},"end":{"line":71,"column":6}}},"fnMap":{"0":{"name":"(anonymous_0)","decl":{"start":{"line":29,"column":2},"end":{"line":29,"column":3}},"loc":{"start":{"line":29,"column":11},"end":{"line":72,"column":3}},"line":29}},"branchMap":{"0":{"loc":{"start":{"line":56,"column":13},"end":{"line":61,"column":13}},"type":"binary-expr","locations":[{"start":{"line":56,"column":13},"end":{"line":56,"column":49}},{"start":{"line":57,"column":14},"end":{"line":60,"column":20}}],"line":56},"1":{"loc":{"start":{"line":62,"column":13},"end":{"line":67,"column":13}},"type":"binary-expr","locations":[{"start":{"line":62,"column":13},"end":{"line":62,"column":28}},{"start":{"line":63,"column":14},"end":{"line":66,"column":20}}],"line":62}},"s":{"0":40,"1":40,"2":40},"f":{"0":40},"b":{"0":[40,20],"1":[40,12]},"_coverageSchema":"1a1c01bbd47fc00a2c39e90264f33305004495a9","hash":"eb17dc07163a4ee700881f3ffe7b3d7d264d5d6c"}
,"D:\\Programming\\React\\RsSchoolReact\\RSSchoolReactCourse\\src\\components\\Cards\\Cards.tsx": {"path":"D:\\Programming\\React\\RsSchoolReact\\RSSchoolReactCourse\\src\\components\\Cards\\Cards.tsx","statementMap":{"0":{"start":{"line":25,"column":8},"end":{"line":33,"column":10}},"1":{"start":{"line":28,"column":16},"end":{"line":30,"column":18}}},"fnMap":{"0":{"name":"(anonymous_0)","decl":{"start":{"line":24,"column":4},"end":{"line":24,"column":5}},"loc":{"start":{"line":24,"column":30},"end":{"line":34,"column":5}},"line":24},"1":{"name":"(anonymous_1)","decl":{"start":{"line":27,"column":30},"end":{"line":27,"column":31}},"loc":{"start":{"line":27,"column":46},"end":{"line":31,"column":13}},"line":27}},"branchMap":{},"s":{"0":2,"1":40},"f":{"0":2,"1":40},"b":{},"_coverageSchema":"1a1c01bbd47fc00a2c39e90264f33305004495a9","hash":"87463db69ab795db0e297d8cec08841b106160c5"}
,"D:\\Programming\\React\\RsSchoolReact\\RSSchoolReactCourse\\src\\components\\SearchBar\\SearchBar.tsx": {"path":"D:\\Programming\\React\\RsSchoolReact\\RSSchoolReactCourse\\src\\components\\SearchBar\\SearchBar.tsx","statementMap":{"0":{"start":{"line":9,"column":4},"end":{"line":14,"column":6}}},"fnMap":{"0":{"name":"(anonymous_0)","decl":{"start":{"line":8,"column":2},"end":{"line":8,"column":3}},"loc":{"start":{"line":8,"column":11},"end":{"line":15,"column":3}},"line":8}},"branchMap":{},"s":{"0":1},"f":{"0":1},"b":{},"_coverageSchema":"1a1c01bbd47fc00a2c39e90264f33305004495a9","hash":"fb4cab8197b52d188bf1411f9816f28eb8b407b3"}
}
