TN:
SF:src\App.tsx
FN:8,(anonymous_0)
FNF:1
FNH:1
FNDA:1,(anonymous_0)
DA:9,1
LF:1
LH:1
BRF:0
BRH:0
end_of_record
TN:
SF:src\main.tsx
FNF:0
FNH:0
DA:8,1
DA:13,1
DA:15,1
LF:3
LH:3
BRF:0
BRH:0
end_of_record
TN:
SF:src\components\Card\Card.tsx
FN:29,(anonymous_0)
FNF:1
FNH:1
FNDA:40,(anonymous_0)
DA:28,40
DA:30,40
DA:31,40
LF:3
LH:3
BRDA:56,0,0,40
BRDA:56,0,1,20
BRDA:62,1,0,40
BRDA:62,1,1,12
BRF:4
BRH:4
end_of_record
TN:
SF:src\components\Cards\Cards.tsx
FN:24,(anonymous_0)
FN:27,(anonymous_1)
FNF:2
FNH:2
FNDA:2,(anonymous_0)
FNDA:40,(anonymous_1)
DA:25,2
DA:28,40
LF:2
LH:2
BRF:0
BRH:0
end_of_record
TN:
SF:src\components\SearchBar\SearchBar.tsx
FN:8,(anonymous_0)
FNF:1
FNH:1
FNDA:1,(anonymous_0)
DA:9,1
LF:1
LH:1
BRF:0
BRH:0
end_of_record
